<?xml version="1.0" encoding="UTF-8"?>
<testng-results ignored="0" total="1" passed="1" failed="0" skipped="0">
  <reporter-output>
  </reporter-output>
  <suite started-at="2020-11-03T13:59:34 IST" name="Default suite" finished-at="2020-11-03T13:59:37 IST" duration-ms="2681">
    <groups>
    </groups>
    <test started-at="2020-11-03T13:59:34 IST" name="Default test" finished-at="2020-11-03T13:59:37 IST" duration-ms="2681">
      <class name="com.atmecs.many_to_many.crud_ops.AddingDetails">
        <test-method signature="addDetails()[pri:0, instance:com.atmecs.many_to_many.crud_ops.AddingDetails@23529fee]" started-at="2020-11-03T13:59:34 IST" name="addDetails" finished-at="2020-11-03T13:59:37 IST" duration-ms="2643" status="PASS">
          <reporter-output>
          </reporter-output>
        </test-method> <!-- addDetails -->
      </class> <!-- com.atmecs.many_to_many.crud_ops.AddingDetails -->
    </test> <!-- Default test -->
  </suite> <!-- Default suite -->
</testng-results>
